<?xml version="1.0" encoding="UTF-8"?>
<testsuite xmlns:xsi="http://www.w3.org/2001/XMLSchema-instance" xsi:noNamespaceSchemaLocation="https://maven.apache.org/surefire/maven-surefire-plugin/xsd/surefire-test-report.xsd" name="iTj.solutions.ArrayEvaluatorImplTest" time="0.254" tests="9" errors="0" skipped="0" failures="0">
  <properties>
    <property name="gopherProxySet" value="false"/>
    <property name="awt.toolkit" value="sun.lwawt.macosx.LWCToolkit"/>
    <property name="file.encoding.pkg" value="sun.io"/>
    <property name="java.specification.version" value="1.8"/>
    <property name="sun.cpu.isalist" value=""/>
    <property name="sun.jnu.encoding" value="UTF-8"/>
    <property name="java.class.path" value="/Users/jesus.alvarado/Documents/GitSSHRepos/JesusAlvaradoITJSolution/target/test-classes:/Users/jesus.alvarado/Documents/GitSSHRepos/JesusAlvaradoITJSolution/target/classes:/Users/jesus.alvarado/.m2/repository/junit/junit/4.11/junit-4.11.jar:/Users/jesus.alvarado/.m2/repository/org/hamcrest/hamcrest-core/1.3/hamcrest-core-1.3.jar:/Users/jesus.alvarado/.m2/repository/com/google/inject/guice/4.2.2/guice-4.2.2.jar:/Users/jesus.alvarado/.m2/repository/javax/inject/javax.inject/1/javax.inject-1.jar:/Users/jesus.alvarado/.m2/repository/aopalliance/aopalliance/1.0/aopalliance-1.0.jar:/Users/jesus.alvarado/.m2/repository/com/google/guava/guava/25.1-android/guava-25.1-android.jar:/Users/jesus.alvarado/.m2/repository/com/google/code/findbugs/jsr305/3.0.2/jsr305-3.0.2.jar:/Users/jesus.alvarado/.m2/repository/org/checkerframework/checker-compat-qual/2.0.0/checker-compat-qual-2.0.0.jar:/Users/jesus.alvarado/.m2/repository/com/google/errorprone/error_prone_annotations/2.1.3/error_prone_annotations-2.1.3.jar:/Users/jesus.alvarado/.m2/repository/com/google/j2objc/j2objc-annotations/1.1/j2objc-annotations-1.1.jar:/Users/jesus.alvarado/.m2/repository/org/codehaus/mojo/animal-sniffer-annotations/1.14/animal-sniffer-annotations-1.14.jar:/Users/jesus.alvarado/.m2/repository/org/mockito/mockito-core/3.11.2/mockito-core-3.11.2.jar:/Users/jesus.alvarado/.m2/repository/net/bytebuddy/byte-buddy/1.11.3/byte-buddy-1.11.3.jar:/Users/jesus.alvarado/.m2/repository/net/bytebuddy/byte-buddy-agent/1.11.3/byte-buddy-agent-1.11.3.jar:/Users/jesus.alvarado/.m2/repository/org/objenesis/objenesis/3.2/objenesis-3.2.jar:"/>
    <property name="java.vm.vendor" value="Oracle Corporation"/>
    <property name="sun.arch.data.model" value="64"/>
    <property name="java.vendor.url" value="http://java.oracle.com/"/>
    <property name="user.timezone" value=""/>
    <property name="java.vm.specification.version" value="1.8"/>
    <property name="os.name" value="Mac OS X"/>
    <property name="user.country" value="US"/>
    <property name="sun.java.launcher" value="SUN_STANDARD"/>
    <property name="sun.boot.library.path" value="/Library/Java/JavaVirtualMachines/jdk1.8.0_261.jdk/Contents/Home/jre/lib"/>
    <property name="sun.java.command" value="/Users/jesus.alvarado/Documents/GitSSHRepos/JesusAlvaradoITJSolution/target/surefire/surefirebooter6896202882960976311.jar /Users/jesus.alvarado/Documents/GitSSHRepos/JesusAlvaradoITJSolution/target/surefire 2023-07-25T11-51-41_059-jvmRun1 surefire6851514715740854174tmp surefire_011262020509492513tmp"/>
    <property name="surefire.test.class.path" value="/Users/jesus.alvarado/Documents/GitSSHRepos/JesusAlvaradoITJSolution/target/test-classes:/Users/jesus.alvarado/Documents/GitSSHRepos/JesusAlvaradoITJSolution/target/classes:/Users/jesus.alvarado/.m2/repository/junit/junit/4.11/junit-4.11.jar:/Users/jesus.alvarado/.m2/repository/org/hamcrest/hamcrest-core/1.3/hamcrest-core-1.3.jar:/Users/jesus.alvarado/.m2/repository/com/google/inject/guice/4.2.2/guice-4.2.2.jar:/Users/jesus.alvarado/.m2/repository/javax/inject/javax.inject/1/javax.inject-1.jar:/Users/jesus.alvarado/.m2/repository/aopalliance/aopalliance/1.0/aopalliance-1.0.jar:/Users/jesus.alvarado/.m2/repository/com/google/guava/guava/25.1-android/guava-25.1-android.jar:/Users/jesus.alvarado/.m2/repository/com/google/code/findbugs/jsr305/3.0.2/jsr305-3.0.2.jar:/Users/jesus.alvarado/.m2/repository/org/checkerframework/checker-compat-qual/2.0.0/checker-compat-qual-2.0.0.jar:/Users/jesus.alvarado/.m2/repository/com/google/errorprone/error_prone_annotations/2.1.3/error_prone_annotations-2.1.3.jar:/Users/jesus.alvarado/.m2/repository/com/google/j2objc/j2objc-annotations/1.1/j2objc-annotations-1.1.jar:/Users/jesus.alvarado/.m2/repository/org/codehaus/mojo/animal-sniffer-annotations/1.14/animal-sniffer-annotations-1.14.jar:/Users/jesus.alvarado/.m2/repository/org/mockito/mockito-core/3.11.2/mockito-core-3.11.2.jar:/Users/jesus.alvarado/.m2/repository/net/bytebuddy/byte-buddy/1.11.3/byte-buddy-1.11.3.jar:/Users/jesus.alvarado/.m2/repository/net/bytebuddy/byte-buddy-agent/1.11.3/byte-buddy-agent-1.11.3.jar:/Users/jesus.alvarado/.m2/repository/org/objenesis/objenesis/3.2/objenesis-3.2.jar:"/>
    <property name="sun.cpu.endian" value="little"/>
    <property name="user.home" value="/Users/jesus.alvarado"/>
    <property name="user.language" value="en"/>
    <property name="java.specification.vendor" value="Oracle Corporation"/>
    <property name="java.home" value="/Library/Java/JavaVirtualMachines/jdk1.8.0_261.jdk/Contents/Home/jre"/>
    <property name="basedir" value="/Users/jesus.alvarado/Documents/GitSSHRepos/JesusAlvaradoITJSolution"/>
    <property name="file.separator" value="/"/>
    <property name="line.separator" value="&#10;"/>
    <property name="java.vm.specification.vendor" value="Oracle Corporation"/>
    <property name="java.specification.name" value="Java Platform API Specification"/>
    <property name="java.awt.graphicsenv" value="sun.awt.CGraphicsEnvironment"/>
    <property name="surefire.real.class.path" value="/Users/jesus.alvarado/Documents/GitSSHRepos/JesusAlvaradoITJSolution/target/surefire/surefirebooter6896202882960976311.jar"/>
    <property name="sun.boot.class.path" value="/Library/Java/JavaVirtualMachines/jdk1.8.0_261.jdk/Contents/Home/jre/lib/resources.jar:/Library/Java/JavaVirtualMachines/jdk1.8.0_261.jdk/Contents/Home/jre/lib/rt.jar:/Library/Java/JavaVirtualMachines/jdk1.8.0_261.jdk/Contents/Home/jre/lib/sunrsasign.jar:/Library/Java/JavaVirtualMachines/jdk1.8.0_261.jdk/Contents/Home/jre/lib/jsse.jar:/Library/Java/JavaVirtualMachines/jdk1.8.0_261.jdk/Contents/Home/jre/lib/jce.jar:/Library/Java/JavaVirtualMachines/jdk1.8.0_261.jdk/Contents/Home/jre/lib/charsets.jar:/Library/Java/JavaVirtualMachines/jdk1.8.0_261.jdk/Contents/Home/jre/lib/jfr.jar:/Library/Java/JavaVirtualMachines/jdk1.8.0_261.jdk/Contents/Home/jre/classes"/>
    <property name="sun.management.compiler" value="HotSpot 64-Bit Tiered Compilers"/>
    <property name="java.runtime.version" value="1.8.0_261-b12"/>
    <property name="user.name" value="jesus.alvarado"/>
    <property name="path.separator" value=":"/>
    <property name="os.version" value="10.16"/>
    <property name="java.endorsed.dirs" value="/Library/Java/JavaVirtualMachines/jdk1.8.0_261.jdk/Contents/Home/jre/lib/endorsed"/>
    <property name="java.runtime.name" value="Java(TM) SE Runtime Environment"/>
    <property name="file.encoding" value="UTF-8"/>
    <property name="java.vm.name" value="Java HotSpot(TM) 64-Bit Server VM"/>
    <property name="localRepository" value="/Users/jesus.alvarado/.m2/repository"/>
    <property name="java.vendor.url.bug" value="http://bugreport.sun.com/bugreport/"/>
    <property name="java.io.tmpdir" value="/var/folders/ft/h0b9j0x50sz4jd4cmvhy_fz1v_01d6/T/"/>
    <property name="java.version" value="1.8.0_261"/>
    <property name="user.dir" value="/Users/jesus.alvarado/Documents/GitSSHRepos/JesusAlvaradoITJSolution"/>
    <property name="os.arch" value="x86_64"/>
    <property name="java.vm.specification.name" value="Java Virtual Machine Specification"/>
    <property name="java.awt.printerjob" value="sun.lwawt.macosx.CPrinterJob"/>
    <property name="sun.os.patch.level" value="unknown"/>
    <property name="java.library.path" value="/Users/jesus.alvarado/Library/Java/Extensions:/Library/Java/Extensions:/Network/Library/Java/Extensions:/System/Library/Java/Extensions:/usr/lib/java:."/>
    <property name="java.vm.info" value="mixed mode"/>
    <property name="java.vendor" value="Oracle Corporation"/>
    <property name="java.vm.version" value="25.261-b12"/>
    <property name="java.ext.dirs" value="/Users/jesus.alvarado/Library/Java/Extensions:/Library/Java/JavaVirtualMachines/jdk1.8.0_261.jdk/Contents/Home/jre/lib/ext:/Library/Java/Extensions:/Network/Library/Java/Extensions:/System/Library/Java/Extensions:/usr/lib/java"/>
    <property name="sun.io.unicode.encoding" value="UnicodeBig"/>
    <property name="java.class.version" value="52.0"/>
  </properties>
  <testcase name="getIndexesToAddForTarget_ShouldThrowAnIllegalArgumentException_WhenGivenArrayIsNull" classname="iTj.solutions.ArrayEvaluatorImplTest" time="0.22"/>
  <testcase name="getMissedNumbersInArrayComparedToArrayLength_ShouldReturnAnArrayOfNumbersFromLengthSequence_MissedOnArrayParameter" classname="iTj.solutions.ArrayEvaluatorImplTest" time="0.009"/>
  <testcase name="getIndexesToAddForTarget_ShouldReturnAnArrayOfTwoIndexesOnArray_ThatAreEqualsToTarget_WhenTheyAreAdded" classname="iTj.solutions.ArrayEvaluatorImplTest" time="0.001"/>
  <testcase name="getIndexesToAddForTarget_ShouldThrowAnIllegalArgumentException_WhenIsNotPossibleToGetTheTarget" classname="iTj.solutions.ArrayEvaluatorImplTest" time="0"/>
  <testcase name="getIndexesToAddForTarget_ShouldThrowAnIllegalArgumentException_WhenIsTheOnlyWayToGetTargetIsToSumSameValueTwice" classname="iTj.solutions.ArrayEvaluatorImplTest" time="0"/>
  <testcase name="getMissedNumbersInArrayComparedToArrayLength_ShouldThrowAnIllegalArgumentException_WhenArrayIsNull" classname="iTj.solutions.ArrayEvaluatorImplTest" time="0"/>
  <testcase name="getMissedNumbersInArrayComparedToArrayLength_ShouldThrowAnIllegalArgumentException_WhenArrayIsEmpty" classname="iTj.solutions.ArrayEvaluatorImplTest" time="0"/>
  <testcase name="getMissedNumbersInArrayComparedToArrayLength_ShouldThrowAnIllegalArgumentException_WhenArrayContainsAllNumbersOnLength" classname="iTj.solutions.ArrayEvaluatorImplTest" time="0"/>
  <testcase name="getIndexesToAddForTarget_ShouldThrowAnIllegalArgumentException_WhenGivenArrayIsEmpty" classname="iTj.solutions.ArrayEvaluatorImplTest" time="0"/>
</testsuite>